[2024-12-06 06:06:05] [1] [WARN] Reporting disabled: using no op test run registrar
[2024-12-06 06:06:05] [1] [INFO] TEST [HW06.12 - testSignUp] STARTED at [15:06:05 2024-12-06]
[2024-12-06 06:06:05] [1] [INFO] Starting driver session...
[2024-12-06 06:06:11] [1] [INFO] Driver session started.
[2024-12-06 06:06:11] [1] [INFO] INFO: opening url 'https://www.myfitnesspal.com/'
[2024-12-06 06:06:14] [1] [INFO] PASS: element 'compareMenu' is clicked.
[2024-12-06 06:06:18] [1] [INFO] PASS: element 'component' is clicked.
[2024-12-06 06:06:18] [1] [ERROR] Undefined error on capture screenshot detected!
[2024-12-06 06:06:19] [1] [INFO] PASS: element 'continueButton' is clicked.
[2024-12-06 06:06:21] [1] [INFO] PASS: element 'inputName' is clicked.
[2024-12-06 06:06:21] [1] [INFO] PASS: keys 'Jonas' are sent to element 'inputName'.
[2024-12-06 06:06:22] [1] [INFO] PASS: element 'nextBtn' is clicked.
[2024-12-06 06:06:24] [1] [INFO] PASS: element 'ExtendedWebElement - [0]' is clicked.
[2024-12-06 06:06:25] [1] [INFO] PASS: element 'ExtendedWebElement - [3]' is clicked.
[2024-12-06 06:06:26] [1] [INFO] PASS: element 'nextBtn' is clicked.
[2024-12-06 06:06:28] [1] [INFO] PASS: element 'nextBtn' is clicked.
[2024-12-06 06:06:29] [1] [INFO] PASS: element 'ExtendedWebElement - [0]' is clicked.
[2024-12-06 06:06:30] [1] [INFO] PASS: element 'ExtendedWebElement - [1]' is clicked.
[2024-12-06 06:06:30] [1] [INFO] PASS: element 'nextBtn' is clicked.
[2024-12-06 06:06:32] [1] [INFO] PASS: element 'nextBtn' is clicked.
[2024-12-06 06:06:34] [1] [INFO] PASS: element 'ExtendedWebElement - [1]' is clicked.
[2024-12-06 06:06:34] [1] [INFO] PASS: element 'ExtendedWebElement - [2]' is clicked.
[2024-12-06 06:06:35] [1] [INFO] PASS: element 'nextBtn' is clicked.
[2024-12-06 06:06:36] [1] [INFO] PASS: element 'nextBtn' is clicked.
[2024-12-06 06:06:36] [1] [WARN] returned first but found 2 elements by xpath: By.tagName: p
[2024-12-06 06:06:36] [1] [WARN] returned first but found 2 elements by xpath: By.tagName: p
[2024-12-06 06:06:36] [1] [WARN] returned first but found 2 elements by xpath: By.tagName: p
[2024-12-06 06:06:37] [1] [INFO] PASS: element 'ExtendedWebElement - [2]' is clicked.
[2024-12-06 06:06:37] [1] [WARN] returned first but found 2 elements by xpath: By.tagName: p
[2024-12-06 06:06:37] [1] [INFO] PASS: element 'nextBtn' is clicked.
[2024-12-06 06:06:39] [1] [INFO] PASS: element 'inputMale' is clicked.
[2024-12-06 06:06:39] [1] [INFO] PASS: element 'calendar' is clicked.
[2024-12-06 06:06:40] [1] [INFO] PASS: keys '01/01/1980' are sent to element 'calendar'.
[2024-12-06 06:06:41] [1] [INFO] PASS: element 'countrySelector' is clicked.
[2024-12-06 06:06:46] [1] [INFO] PASS: element 'ExtendedWebElement - [218]' is clicked.
[2024-12-06 06:06:47] [1] [INFO] PASS: element 'nextBtn' is clicked.
[2024-12-06 06:06:50] [1] [INFO] PASS: element 'By.xpath: (//button[@type='button'])[2]' is clicked.
[2024-12-06 06:06:50] [1] [INFO] PASS: element 'By.xpath: (//input[@type='radio'])[1]' is clicked.
[2024-12-06 06:06:51] [1] [INFO] PASS: element 'By.xpath: //Button//p[contains(text(),'Done')]' is clicked.
[2024-12-06 06:06:51] [1] [INFO] PASS: element 'currentWeightInput' is clicked.
[2024-12-06 06:06:52] [1] [INFO] PASS: keys '72.0' are sent to element 'currentWeightInput'.
[2024-12-06 06:06:52] [1] [INFO] PASS: element 'goalWeightInput' is clicked.
[2024-12-06 06:06:53] [1] [INFO] PASS: keys '70.0' are sent to element 'goalWeightInput'.
[2024-12-06 06:06:53] [1] [INFO] PASS: element 'switchBtn' is clicked.
[2024-12-06 06:06:54] [1] [INFO] PASS: element 'centimeters' is clicked.
[2024-12-06 06:06:54] [1] [INFO] PASS: element 'doneBtn' is clicked.
[2024-12-06 06:06:55] [1] [INFO] PASS: element 'heightInput' is clicked.
[2024-12-06 06:06:55] [1] [INFO] PASS: keys '178.0' are sent to element 'heightInput'.
[2024-12-06 06:06:56] [1] [INFO] PASS: element 'nextBtn' is clicked.
[2024-12-06 06:06:58] [1] [INFO] PASS: element 'ExtendedWebElement - [1]' is clicked.
[2024-12-06 06:06:58] [1] [INFO] PASS: element 'nextBtn' is clicked.
[2024-12-06 06:07:00] [1] [INFO] PASS: element 'emailInput' is clicked.
[2024-12-06 06:07:01] [1] [INFO] PASS: keys '"hnx35736@inohm.com"' are sent to element 'emailInput'.
[2024-12-06 06:07:01] [1] [INFO] PASS: element 'passwordInput' is clicked.
[2024-12-06 06:07:02] [1] [INFO] PASS: keys '"1234567890abc"' are sent to element 'passwordInput'.
[2024-12-06 06:07:02] [1] [INFO] PASS: element 'checkbox' is clicked.
[2024-12-06 06:07:07] [1] [ERROR] TEST [HW06.12 - testSignUp] FAILED at [15:07:07 2024-12-06] - Expected condition failed: waiting for element to be clickable: By.xpath: //Button[@type='submit'] (tried for 4 second(s) with 500 milliseconds interval)
Build info: version: '4.7.0', revision: '0a5b49d16f'
System info: os.name: 'Linux', os.arch: 'amd64', os.version: '6.1.0-26-amd64', java.version: '23.0.1'
Driver info: net.bytebuddy.renamed.java.lang.Object$ByteBuddy$MhpCiIXK
Capabilities {acceptInsecureCerts: true, browserName: firefox, browserVersion: 132.0.1, moz:accessibilityChecks: false, moz:buildID: 20241103194048, moz:debuggerAddress: true, moz:firefoxOptions: {binary: /usr/bin/firefox, profile: UEsDBBQACAgIAMJ4hlkAAAAAAAA...}, moz:geckodriverVersion: 0.35.0, moz:headless: false, moz:platformVersion: 6.1.0-26-amd64, moz:processID: 250551, moz:profile: /tmp/rust_mozprofilexic591, moz:shutdownTimeout: 60000, moz:webdriverClick: true, moz:windowless: false, pageLoadStrategy: normal, platformName: LINUX, proxy: Proxy(), se:bidiEnabled: false, se:cdp: ws://192.168.100.2:4444/ses..., setWindowRect: true, strictFileInteractability: false, timeouts: {implicit: 0, pageLoad: 300000, script: 30000}, unhandledPromptBehavior: dismiss and notify, userAgent: Mozilla/5.0 (X11; Linux x86...}
Session ID: a00f4e06-51dd-41ed-aca4-2bff16eb177f

org.openqa.selenium.support.ui.WebDriverWait.timeoutException(WebDriverWait.java:87)
org.openqa.selenium.support.ui.FluentWait.until(FluentWait.java:231)
HW_WEB_AUTOMATION.carina.demo.gui.components.CreationModal.clickNext(CreationModal.java:33)
HW_WEB_AUTOMATION.carina.demo.gui.pages.desktop.fitnesspal.AccountCreation.submitCredentials(AccountCreation.java:86)
HW_WEB_AUTOMATION.carina.demo.FitnessPal.testSignUp(FitnessPal.java:83)
java.base/jdk.internal.reflect.DirectMethodHandleAccessor.invoke(DirectMethodHandleAccessor.java:103)
java.base/java.lang.reflect.Method.invoke(Method.java:580)
org.testng.internal.invokers.MethodInvocationHelper.invokeMethod(MethodInvocationHelper.java:139)
org.testng.internal.invokers.TestInvoker.invokeMethod(TestInvoker.java:677)
org.testng.internal.invokers.TestInvoker.invokeTestMethod(TestInvoker.java:221)
org.testng.internal.invokers.MethodRunner.runInSequence(MethodRunner.java:50)
org.testng.internal.invokers.TestInvoker$MethodInvocationAgent.invoke(TestInvoker.java:969)
org.testng.internal.invokers.TestInvoker.invokeTestMethods(TestInvoker.java:194)
org.testng.internal.invokers.TestMethodWorker.invokeTestMethods(TestMethodWorker.java:148)
org.testng.internal.invokers.TestMethodWorker.run(TestMethodWorker.java:128)
java.base/java.util.ArrayList.forEach(ArrayList.java:1597)
org.testng.TestRunner.privateRun(TestRunner.java:829)
org.testng.TestRunner.run(TestRunner.java:602)
org.testng.SuiteRunner.runTest(SuiteRunner.java:437)
org.testng.SuiteRunner.runSequentially(SuiteRunner.java:431)
org.testng.SuiteRunner.privateRun(SuiteRunner.java:391)
org.testng.SuiteRunner.run(SuiteRunner.java:330)
org.testng.SuiteRunnerWorker.runSuite(SuiteRunnerWorker.java:52)
org.testng.SuiteRunnerWorker.run(SuiteRunnerWorker.java:95)
org.testng.TestNG.runSuitesSequentially(TestNG.java:1256)
org.testng.TestNG.runSuitesLocally(TestNG.java:1176)
org.testng.TestNG.runSuites(TestNG.java:1099)
org.testng.TestNG.run(TestNG.java:1067)
com.intellij.rt.testng.IDEARemoteTestNG.run(IDEARemoteTestNG.java:65)
com.intellij.rt.testng.RemoteTestNGStarter.main(RemoteTestNGStarter.java:105)
